2025-07-10 08:02:02,685 ERROR [com.ecount.service.banker.util.BankerMethodExceptionInterceptor] [https-openssl-nio2-9009-exec-1] {}{dt.entity.host=HOST-2ED3C1CB084EC6E5, dt.entity.host_group=HOST_GROUP-A98252C765C25840, dt.entity.process_group=PROCESS_GROUP-EBCEF4814DA1DBBB, dt.entity.process_group_instance=PROCESS_GROUP_INSTANCE-C51D354A45EF1D5E, dt.host_group.id=QA} No active promotions found in the Financial Database.
2025-07-10 08:02:02,685 ERROR [audit.com.ecount.service.banker.core.BankerServiceManagerImpl] [https-openssl-nio2-9009-exec-1] {}{dt.entity.host=HOST-2ED3C1CB084EC6E5, dt.entity.host_group=HOST_GROUP-A98252C765C25840, dt.entity.process_group=PROCESS_GROUP-EBCEF4814DA1DBBB, dt.entity.process_group_instance=PROCESS_GROUP_INSTANCE-C51D354A45EF1D5E, dt.host_group.id=QA} com.ecount.service.banker.core.BankerServiceManagerImpl::reservePresetFunds ERROR com.ecount.service.banker.exception.BankerNoActivePromotionsException: No active promotions found in the Financial Database.
2025-07-10 08:42:51,103 ERROR [com.ecount.service.banker.util.BankerMethodExceptionInterceptor] [https-openssl-nio2-9009-exec-1] {}{dt.entity.host=HOST-2ED3C1CB084EC6E5, dt.entity.host_group=HOST_GROUP-A98252C765C25840, dt.entity.process_group=PROCESS_GROUP-EBCEF4814DA1DBBB, dt.entity.process_group_instance=PROCESS_GROUP_INSTANCE-C51D354A45EF1D5E, dt.host_group.id=QA} No active promotions found in the Financial Database.
2025-07-10 08:42:51,103 ERROR [audit.com.ecount.service.banker.core.BankerServiceManagerImpl] [https-openssl-nio2-9009-exec-1] {}{dt.entity.host=HOST-2ED3C1CB084EC6E5, dt.entity.host_group=HOST_GROUP-A98252C765C25840, dt.entity.process_group=PROCESS_GROUP-EBCEF4814DA1DBBB, dt.entity.process_group_instance=PROCESS_GROUP_INSTANCE-C51D354A45EF1D5E, dt.host_group.id=QA} com.ecount.service.banker.core.BankerServiceManagerImpl::reservePresetFunds ERROR com.ecount.service.banker.exception.BankerNoActivePromotionsException: No active promotions found in the Financial Database.
2025-07-10 07:55:16,667 INFO  [audit.com.ecount.service.banker.core.BankerServiceManagerImpl] [https-openssl-nio2-9009-exec-4] {}{dt.entity.host=HOST-2ED3C1CB084EC6E5, dt.entity.host_group=HOST_GROUP-A98252C765C25840, dt.entity.process_group=PROCESS_GROUP-EBCEF4814DA1DBBB, dt.entity.process_group_instance=PROCESS_GROUP_INSTANCE-C51D354A45EF1D5E, dt.host_group.id=QA} com.ecount.service.banker.core.BankerServiceManagerImpl::reservePresetFunds END (39ms)
2025-07-10 08:02:02,685 ERROR [com.ecount.service.banker.util.BankerMethodExceptionInterceptor] [https-openssl-nio2-9009-exec-1] {}{dt.entity.host=HOST-2ED3C1CB084EC6E5, dt.entity.host_group=HOST_GROUP-A98252C765C25840, dt.entity.process_group=PROCESS_GROUP-EBCEF4814DA1DBBB, dt.entity.process_group_instance=PROCESS_GROUP_INSTANCE-C51D354A45EF1D5E, dt.host_group.id=QA} No active promotions found in the Financial Database.
2025-07-10 08:02:02,685 ERROR [audit.com.ecount.service.banker.core.BankerServiceManagerImpl] [https-openssl-nio2-9009-exec-1] {}{dt.entity.host=HOST-2ED3C1CB084EC6E5, dt.entity.host_group=HOST_GROUP-A98252C765C25840, dt.entity.process_group=PROCESS_GROUP-EBCEF4814DA1DBBB, dt.entity.process_group_instance=PROCESS_GROUP_INSTANCE-C51D354A45EF1D5E, dt.host_group.id=QA} com.ecount.service.banker.core.BankerServiceManagerImpl::reservePresetFunds ERROR com.ecount.service.banker.exception.BankerNoActivePromotionsException: No active promotions found in the Financial Database.
2025-07-10 08:02:02,685 INFO  [audit.com.ecount.service.banker.core.BankerServiceManagerImpl] [https-openssl-nio2-9009-exec-1] {}{dt.entity.host=HOST-2ED3C1CB084EC6E5, dt.entity.host_group=HOST_GROUP-A98252C765C25840, dt.entity.process_group=PROCESS_GROUP-EBCEF4814DA1DBBB, dt.entity.process_group_instance=PROCESS_GROUP_INSTANCE-C51D354A45EF1D5E, dt.host_group.id=QA} com.ecount.service.banker.core.BankerServiceManagerImpl::reservePresetFunds EXCEPTION DETAIL com.ecount.service.banker.exception.BankerNoActivePromotionsException: No active promotions found in the Financial Database.
com.ecount.service.banker.exception.BankerNoActivePromotionsException: No active promotions found in the Financial Database.
	at com.ecount.service.banker.core.action.BankerServiceAction.findActivePromotions(BankerServiceAction.java:491) ~[banker-impl-4.0.0.jar:?]
	at com.ecount.service.banker.core.action.BankerServiceAction.populateActualParentAndActivePromos(BankerServiceAction.java:133) ~[banker-impl-4.0.0.jar:?]
	at com.ecount.service.banker.core.action.BankerServiceAction.populateActualParentAndActivePromos(BankerServiceAction.java:108) ~[banker-impl-4.0.0.jar:?]
	at com.ecount.service.banker.core.BankerServiceManagerImpl.reservePresetFunds(BankerServiceManagerImpl.java:348) ~[banker-impl-4.0.0.jar:?]
	at java.base/jdk.internal.reflect.DirectMethodHandleAccessor.invoke(DirectMethodHandleAccessor.java:103) ~[?:?]
	at java.base/java.lang.reflect.Method.invoke(Method.java:580) ~[?:?]
	at org.springframework.aop.support.AopUtils.invokeJoinpointUsingReflection(AopUtils.java:351) ~[spring-aop-6.1.5.jar:6.1.5]
	at org.springframework.aop.framework.ReflectiveMethodInvocation.invokeJoinpoint(ReflectiveMethodInvocation.java:196) ~[spring-aop-6.1.5.jar:6.1.5]
	at org.springframework.aop.framework.ReflectiveMethodInvocation.proceed(ReflectiveMethodInvocation.java:163) ~[spring-aop-6.1.5.jar:6.1.5]
	at org.springframework.transaction.interceptor.TransactionInterceptor$1.proceedWithInvocation(TransactionInterceptor.java:123) ~[spring-tx-6.1.5.jar:6.1.5]
	at org.springframework.transaction.interceptor.TransactionAspectSupport.invokeWithinTransaction(TransactionAspectSupport.java:392) ~[spring-tx-6.1.5.jar:6.1.5]
	at org.springframework.transaction.interceptor.TransactionInterceptor.invoke(TransactionInterceptor.java:119) ~[spring-tx-6.1.5.jar:6.1.5]
	at org.springframework.aop.framework.ReflectiveMethodInvocation.proceed(ReflectiveMethodInvocation.java:184) ~[spring-aop-6.1.5.jar:6.1.5]
	at com.ecount.service.banker.util.BankerMethodExceptionInterceptor.invoke(BankerMethodExceptionInterceptor.java:20) ~[banker-impl-4.0.0.jar:?]
	at org.springframework.aop.framework.ReflectiveMethodInvocation.proceed(ReflectiveMethodInvocation.java:184) ~[spring-aop-6.1.5.jar:6.1.5]
	at com.ecount.springutils.aop.AuditMethodInterceptor.invoke(AuditMethodInterceptor.java:107) ~[springutils-generic-3.0.2.jar:?]
	at org.springframework.aop.framework.ReflectiveMethodInvocation.proceed(ReflectiveMethodInvocation.java:184) ~[spring-aop-6.1.5.jar:6.1.5]
	at org.springframework.aop.interceptor.ExposeInvocationInterceptor.invoke(ExposeInvocationInterceptor.java:97) ~[spring-aop-6.1.5.jar:6.1.5]
	at org.springframework.aop.framework.ReflectiveMethodInvocation.proceed(ReflectiveMethodInvocation.java:184) ~[spring-aop-6.1.5.jar:6.1.5]
	at org.springframework.aop.framework.JdkDynamicAopProxy.invoke(JdkDynamicAopProxy.java:220) ~[spring-aop-6.1.5.jar:6.1.5]
	at jdk.proxy3/jdk.proxy3.$Proxy27.reservePresetFunds(Unknown Source) ~[?:?]
	at com.ecount.service.banker.api.BankerServiceAPIImpl.reservePresetFunds(BankerServiceAPIImpl.java:88) ~[banker-impl-4.0.0.jar:?]
	at java.base/jdk.internal.reflect.DirectMethodHandleAccessor.invoke(DirectMethodHandleAccessor.java:103) ~[?:?]
	at java.base/java.lang.reflect.Method.invoke(Method.java:580) ~[?:?]
	at org.apache.axis.providers.java.RPCProvider.invokeMethod(RPCProvider.java:397) ~[jakarta-axis-1.4.jar:?]
	at org.apache.axis.providers.java.RPCProvider.processMessage(RPCProvider.java:186) ~[jakarta-axis-1.4.jar:?]
	at org.apache.axis.providers.java.JavaProvider.invoke(JavaProvider.java:323) ~[jakarta-axis-1.4.jar:?]
	at org.apache.axis.strategies.InvocationStrategy.visit(InvocationStrategy.java:32) ~[jakarta-axis-1.4.jar:?]
	at org.apache.axis.SimpleChain.doVisiting(SimpleChain.java:118) ~[jakarta-axis-1.4.jar:?]
	at org.apache.axis.SimpleChain.invoke(SimpleChain.java:83) ~[jakarta-axis-1.4.jar:?]
	at org.apache.axis.handlers.soap.SOAPService.invoke(SOAPService.java:454) ~[jakarta-axis-1.4.jar:?]
	at org.apache.axis.server.AxisServer.invoke(AxisServer.java:281) ~[jakarta-axis-1.4.jar:?]
	at org.apache.axis.transport.http.AxisServlet.doPost(AxisServlet.java:699) ~[jakarta-axis-1.4.jar:?]
	at jakarta.servlet.http.HttpServlet.service(HttpServlet.java:590) ~[servlet-api.jar:6.0]
	at org.apache.axis.transport.http.AxisServletBase.service(AxisServletBase.java:327) ~[jakarta-axis-1.4.jar:?]
	at jakarta.servlet.http.HttpServlet.service(HttpServlet.java:658) ~[servlet-api.jar:6.0]
	at org.apache.catalina.core.ApplicationFilterChain.internalDoFilter(ApplicationFilterChain.java:205) ~[catalina.jar:10.1.19]
	at org.apache.catalina.core.ApplicationFilterChain.doFilter(ApplicationFilterChain.java:149) ~[catalina.jar:10.1.19]
	at org.apache.tomcat.websocket.server.WsFilter.doFilter(WsFilter.java:51) ~[tomcat-websocket.jar:10.1.19]
	at org.apache.catalina.core.ApplicationFilterChain.internalDoFilter(ApplicationFilterChain.java:174) ~[catalina.jar:10.1.19]
	at org.apache.catalina.core.ApplicationFilterChain.doFilter(ApplicationFilterChain.java:149) ~[catalina.jar:10.1.19]
	at org.apache.logging.log4j.web.Log4jServletFilter.doFilter(Log4jServletFilter.java:72) ~[log4j-jakarta-web-2.21.1.jar:?]
	at org.apache.catalina.core.ApplicationFilterChain.internalDoFilter(ApplicationFilterChain.java:174) ~[catalina.jar:10.1.19]
	at org.apache.catalina.core.ApplicationFilterChain.doFilter(ApplicationFilterChain.java:149) ~[catalina.jar:10.1.19]
	at org.apache.catalina.core.StandardWrapperValve.invoke(StandardWrapperValve.java:167) ~[catalina.jar:10.1.19]
	at org.apache.catalina.core.StandardContextValve.invoke(StandardContextValve.java:90) ~[catalina.jar:10.1.19]
	at org.apache.catalina.authenticator.AuthenticatorBase.invoke(AuthenticatorBase.java:482) ~[catalina.jar:10.1.19]
	at org.apache.catalina.core.StandardHostValve.invoke(StandardHostValve.java:115) ~[catalina.jar:10.1.19]
	at org.apache.catalina.valves.ErrorReportValve.invoke(ErrorReportValve.java:93) ~[catalina.jar:10.1.19]
	at org.apache.catalina.valves.AbstractAccessLogValve.invoke(AbstractAccessLogValve.java:673) ~[catalina.jar:10.1.19]
	at org.apache.catalina.core.StandardEngineValve.invoke(StandardEngineValve.java:74) ~[catalina.jar:10.1.19]
	at org.apache.catalina.connector.CoyoteAdapter.service(CoyoteAdapter.java:344) ~[catalina.jar:10.1.19]
	at org.apache.coyote.http11.Http11Processor.service(Http11Processor.java:391) ~[tomcat-coyote.jar:10.1.19]
	at org.apache.coyote.AbstractProcessorLight.process(AbstractProcessorLight.java:63) ~[tomcat-coyote.jar:10.1.19]
	at org.apache.coyote.AbstractProtocol$ConnectionHandler.process(AbstractProtocol.java:896) ~[tomcat-coyote.jar:10.1.19]
	at org.apache.tomcat.util.net.Nio2Endpoint$SocketProcessor.doRun(Nio2Endpoint.java:1683) ~[tomcat-coyote.jar:10.1.19]
	at org.apache.tomcat.util.net.SocketProcessorBase.run(SocketProcessorBase.java:52) ~[tomcat-coyote.jar:10.1.19]
	at org.apache.tomcat.util.net.AbstractEndpoint.processSocket(AbstractEndpoint.java:1244) ~[tomcat-coyote.jar:10.1.19]
	at org.apache.tomcat.util.net.Nio2Endpoint$Nio2SocketWrapper$2.completed(Nio2Endpoint.java:632) ~[tomcat-coyote.jar:10.1.19]
	at org.apache.tomcat.util.net.Nio2Endpoint$Nio2SocketWrapper$2.completed(Nio2Endpoint.java:608) ~[tomcat-coyote.jar:10.1.19]
	at org.apache.tomcat.util.net.SecureNio2Channel$1.completed(SecureNio2Channel.java:1007) ~[tomcat-coyote.jar:10.1.19]
	at org.apache.tomcat.util.net.SecureNio2Channel$1.completed(SecureNio2Channel.java:935) ~[tomcat-coyote.jar:10.1.19]
	at java.base/sun.nio.ch.Invoker.invokeUnchecked(Invoker.java:129) ~[?:?]
	at java.base/sun.nio.ch.Invoker$2.run(Invoker.java:221) ~[?:?]
	at java.base/sun.nio.ch.AsynchronousChannelGroupImpl$1.run(AsynchronousChannelGroupImpl.java:113) ~[?:?]
	at org.apache.tomcat.util.threads.ThreadPoolExecutor.runWorker(ThreadPoolExecutor.java:1191) ~[tomcat-util.jar:10.1.19]
	at org.apache.tomcat.util.threads.ThreadPoolExecutor$Worker.run(ThreadPoolExecutor.java:659) ~[tomcat-util.jar:10.1.19]
	at org.apache.tomcat.util.threads.TaskThread$WrappingRunnable.run(TaskThread.java:63) ~[tomcat-util.jar:10.1.19]
	at java.base/java.lang.Thread.run(Thread.java:1583) [?:?]
2025-07-10 08:02:02,707 INFO  [audit.com.ecount.service.banker.core.BankerServiceManagerImpl] [https-openssl-nio2-9009-exec-1] {}{dt.entity.host=HOST-2ED3C1CB084EC6E5, dt.entity.host_group=HOST_GROUP-A98252C765C25840, dt.entity.process_group=PROCESS_GROUP-EBCEF4814DA1DBBB, dt.entity.process_group_instance=PROCESS_GROUP_INSTANCE-C51D354A45EF1D5E, dt.host_group.id=QA} com.ecount.service.banker.core.BankerServiceManagerImpl::reservePresetFunds END (26ms)
2025-07-10 08:05:10,592 INFO  [audit.com.ecount.service.banker.core.PresetFundsConfig] [https-openssl-nio2-9009-exec-5] {}{dt.entity.host=HOST-2ED3C1CB084EC6E5, dt.entity.host_group=HOST_GROUP-A98252C765C25840, dt.entity.process_group=PROCESS_GROUP-EBCEF4814DA1DBBB, dt.entity.process_group_instance=PROCESS_GROUP_INSTANCE-C51D354A45EF1D5E, dt.host_group.id=QA} com.ecount.service.banker.core.PresetFundsConfig::findPresetFundsConfigDTO END (0ms)
2025-07-10 08:05:10,608 INFO  [audit.com.ecount.service.banker.core.BankerServiceManagerImpl] [https-openssl-nio2-9009-exec-5] {}{dt.entity.host=HOST-2ED3C1CB084EC6E5, dt.entity.host_group=HOST_GROUP-A98252C765C25840, dt.entity.process_group=PROCESS_GROUP-EBCEF4814DA1DBBB, dt.entity.process_group_instance=PROCESS_GROUP_INSTANCE-C51D354A45EF1D5E, dt.host_group.id=QA} com.ecount.service.banker.core.BankerServiceManagerImpl::reservePresetFunds END (21ms)
2025-07-10 08:15:12,728 INFO  [audit.com.ecount.service.banker.core.PresetFundsConfig] [https-openssl-nio2-9009-exec-1] {}{dt.entity.host=HOST-2ED3C1CB084EC6E5, dt.entity.host_group=HOST_GROUP-A98252C765C25840, dt.entity.process_group=PROCESS_GROUP-EBCEF4814DA1DBBB, dt.entity.process_group_instance=PROCESS_GROUP_INSTANCE-C51D354A45EF1D5E, dt.host_group.id=QA} com.ecount.service.banker.core.PresetFundsConfig::findPresetFundsConfigDTO END (0ms)
2025-07-10 08:15:12,746 INFO  [audit.com.ecount.service.banker.core.BankerServiceManagerImpl] [https-openssl-nio2-9009-exec-1] {}{dt.entity.host=HOST-2ED3C1CB084EC6E5, dt.entity.host_group=HOST_GROUP-A98252C765C25840, dt.entity.process_group=PROCESS_GROUP-EBCEF4814DA1DBBB, dt.entity.process_group_instance=PROCESS_GROUP_INSTANCE-C51D354A45EF1D5E, dt.host_group.id=QA} com.ecount.service.banker.core.BankerServiceManagerImpl::reservePresetFunds END (23ms)
2025-07-10 08:35:16,486 INFO  [audit.com.ecount.service.banker.core.PresetFundsConfig] [https-openssl-nio2-9009-exec-8] {}{dt.entity.host=HOST-2ED3C1CB084EC6E5, dt.entity.host_group=HOST_GROUP-A98252C765C25840, dt.entity.process_group=PROCESS_GROUP-EBCEF4814DA1DBBB, dt.entity.process_group_instance=PROCESS_GROUP_INSTANCE-C51D354A45EF1D5E, dt.host_group.id=QA} com.ecount.service.banker.core.PresetFundsConfig::findPresetFundsConfigDTO END (0ms)
2025-07-10 08:35:16,511 INFO  [audit.com.ecount.service.banker.core.BankerServiceManagerImpl] [https-openssl-nio2-9009-exec-8] {}{dt.entity.host=HOST-2ED3C1CB084EC6E5, dt.entity.host_group=HOST_GROUP-A98252C765C25840, dt.entity.process_group=PROCESS_GROUP-EBCEF4814DA1DBBB, dt.entity.process_group_instance=PROCESS_GROUP_INSTANCE-C51D354A45EF1D5E, dt.host_group.id=QA} com.ecount.service.banker.core.BankerServiceManagerImpl::reservePresetFunds END (42ms)
2025-07-10 08:42:51,103 ERROR [com.ecount.service.banker.util.BankerMethodExceptionInterceptor] [https-openssl-nio2-9009-exec-1] {}{dt.entity.host=HOST-2ED3C1CB084EC6E5, dt.entity.host_group=HOST_GROUP-A98252C765C25840, dt.entity.process_group=PROCESS_GROUP-EBCEF4814DA1DBBB, dt.entity.process_group_instance=PROCESS_GROUP_INSTANCE-C51D354A45EF1D5E, dt.host_group.id=QA} No active promotions found in the Financial Database.
2025-07-10 08:42:51,103 ERROR [audit.com.ecount.service.banker.core.BankerServiceManagerImpl] [https-openssl-nio2-9009-exec-1] {}{dt.entity.host=HOST-2ED3C1CB084EC6E5, dt.entity.host_group=HOST_GROUP-A98252C765C25840, dt.entity.process_group=PROCESS_GROUP-EBCEF4814DA1DBBB, dt.entity.process_group_instance=PROCESS_GROUP_INSTANCE-C51D354A45EF1D5E, dt.host_group.id=QA} com.ecount.service.banker.core.BankerServiceManagerImpl::reservePresetFunds ERROR com.ecount.service.banker.exception.BankerNoActivePromotionsException: No active promotions found in the Financial Database.
2025-07-10 08:42:51,103 INFO  [audit.com.ecount.service.banker.core.BankerServiceManagerImpl] [https-openssl-nio2-9009-exec-1] {}{dt.entity.host=HOST-2ED3C1CB084EC6E5, dt.entity.host_group=HOST_GROUP-A98252C765C25840, dt.entity.process_group=PROCESS_GROUP-EBCEF4814DA1DBBB, dt.entity.process_group_instance=PROCESS_GROUP_INSTANCE-C51D354A45EF1D5E, dt.host_group.id=QA} com.ecount.service.banker.core.BankerServiceManagerImpl::reservePresetFunds EXCEPTION DETAIL com.ecount.service.banker.exception.BankerNoActivePromotionsException: No active promotions found in the Financial Database.
com.ecount.service.banker.exception.BankerNoActivePromotionsException: No active promotions found in the Financial Database.
	at com.ecount.service.banker.core.action.BankerServiceAction.findActivePromotions(BankerServiceAction.java:491) ~[banker-impl-4.0.0.jar:?]
	at com.ecount.service.banker.core.action.BankerServiceAction.populateActualParentAndActivePromos(BankerServiceAction.java:133) ~[banker-impl-4.0.0.jar:?]
	at com.ecount.service.banker.core.action.BankerServiceAction.populateActualParentAndActivePromos(BankerServiceAction.java:108) ~[banker-impl-4.0.0.jar:?]
	at com.ecount.service.banker.core.BankerServiceManagerImpl.reservePresetFunds(BankerServiceManagerImpl.java:348) ~[banker-impl-4.0.0.jar:?]
	at java.base/jdk.internal.reflect.DirectMethodHandleAccessor.invoke(DirectMethodHandleAccessor.java:103) ~[?:?]
	at java.base/java.lang.reflect.Method.invoke(Method.java:580) ~[?:?]
	at org.springframework.aop.support.AopUtils.invokeJoinpointUsingReflection(AopUtils.java:351) ~[spring-aop-6.1.5.jar:6.1.5]
	at org.springframework.aop.framework.ReflectiveMethodInvocation.invokeJoinpoint(ReflectiveMethodInvocation.java:196) ~[spring-aop-6.1.5.jar:6.1.5]
	at org.springframework.aop.framework.ReflectiveMethodInvocation.proceed(ReflectiveMethodInvocation.java:163) ~[spring-aop-6.1.5.jar:6.1.5]
	at org.springframework.transaction.interceptor.TransactionInterceptor$1.proceedWithInvocation(TransactionInterceptor.java:123) ~[spring-tx-6.1.5.jar:6.1.5]
	at org.springframework.transaction.interceptor.TransactionAspectSupport.invokeWithinTransaction(TransactionAspectSupport.java:392) ~[spring-tx-6.1.5.jar:6.1.5]
	at org.springframework.transaction.interceptor.TransactionInterceptor.invoke(TransactionInterceptor.java:119) ~[spring-tx-6.1.5.jar:6.1.5]
	at org.springframework.aop.framework.ReflectiveMethodInvocation.proceed(ReflectiveMethodInvocation.java:184) ~[spring-aop-6.1.5.jar:6.1.5]
	at com.ecount.service.banker.util.BankerMethodExceptionInterceptor.invoke(BankerMethodExceptionInterceptor.java:20) ~[banker-impl-4.0.0.jar:?]
	at org.springframework.aop.framework.ReflectiveMethodInvocation.proceed(ReflectiveMethodInvocation.java:184) ~[spring-aop-6.1.5.jar:6.1.5]
	at com.ecount.springutils.aop.AuditMethodInterceptor.invoke(AuditMethodInterceptor.java:107) ~[springutils-generic-3.0.2.jar:?]
	at org.springframework.aop.framework.ReflectiveMethodInvocation.proceed(ReflectiveMethodInvocation.java:184) ~[spring-aop-6.1.5.jar:6.1.5]
	at org.springframework.aop.interceptor.ExposeInvocationInterceptor.invoke(ExposeInvocationInterceptor.java:97) ~[spring-aop-6.1.5.jar:6.1.5]
	at org.springframework.aop.framework.ReflectiveMethodInvocation.proceed(ReflectiveMethodInvocation.java:184) ~[spring-aop-6.1.5.jar:6.1.5]
	at org.springframework.aop.framework.JdkDynamicAopProxy.invoke(JdkDynamicAopProxy.java:220) ~[spring-aop-6.1.5.jar:6.1.5]
	at jdk.proxy3/jdk.proxy3.$Proxy27.reservePresetFunds(Unknown Source) ~[?:?]
	at com.ecount.service.banker.api.BankerServiceAPIImpl.reservePresetFunds(BankerServiceAPIImpl.java:88) ~[banker-impl-4.0.0.jar:?]
	at java.base/jdk.internal.reflect.DirectMethodHandleAccessor.invoke(DirectMethodHandleAccessor.java:103) ~[?:?]
	at java.base/java.lang.reflect.Method.invoke(Method.java:580) ~[?:?]
	at org.apache.axis.providers.java.RPCProvider.invokeMethod(RPCProvider.java:397) ~[jakarta-axis-1.4.jar:?]
	at org.apache.axis.providers.java.RPCProvider.processMessage(RPCProvider.java:186) ~[jakarta-axis-1.4.jar:?]
	at org.apache.axis.providers.java.JavaProvider.invoke(JavaProvider.java:323) ~[jakarta-axis-1.4.jar:?]
	at org.apache.axis.strategies.InvocationStrategy.visit(InvocationStrategy.java:32) ~[jakarta-axis-1.4.jar:?]
	at org.apache.axis.SimpleChain.doVisiting(SimpleChain.java:118) ~[jakarta-axis-1.4.jar:?]
	at org.apache.axis.SimpleChain.invoke(SimpleChain.java:83) ~[jakarta-axis-1.4.jar:?]
	at org.apache.axis.handlers.soap.SOAPService.invoke(SOAPService.java:454) ~[jakarta-axis-1.4.jar:?]
	at org.apache.axis.server.AxisServer.invoke(AxisServer.java:281) ~[jakarta-axis-1.4.jar:?]
	at org.apache.axis.transport.http.AxisServlet.doPost(AxisServlet.java:699) ~[jakarta-axis-1.4.jar:?]
	at jakarta.servlet.http.HttpServlet.service(HttpServlet.java:590) ~[servlet-api.jar:6.0]
	at org.apache.axis.transport.http.AxisServletBase.service(AxisServletBase.java:327) ~[jakarta-axis-1.4.jar:?]
	at jakarta.servlet.http.HttpServlet.service(HttpServlet.java:658) ~[servlet-api.jar:6.0]
	at org.apache.catalina.core.ApplicationFilterChain.internalDoFilter(ApplicationFilterChain.java:205) ~[catalina.jar:10.1.19]
	at org.apache.catalina.core.ApplicationFilterChain.doFilter(ApplicationFilterChain.java:149) ~[catalina.jar:10.1.19]
	at org.apache.tomcat.websocket.server.WsFilter.doFilter(WsFilter.java:51) ~[tomcat-websocket.jar:10.1.19]
	at org.apache.catalina.core.ApplicationFilterChain.internalDoFilter(ApplicationFilterChain.java:174) ~[catalina.jar:10.1.19]
	at org.apache.catalina.core.ApplicationFilterChain.doFilter(ApplicationFilterChain.java:149) ~[catalina.jar:10.1.19]
	at org.apache.logging.log4j.web.Log4jServletFilter.doFilter(Log4jServletFilter.java:72) ~[log4j-jakarta-web-2.21.1.jar:?]
	at org.apache.catalina.core.ApplicationFilterChain.internalDoFilter(ApplicationFilterChain.java:174) ~[catalina.jar:10.1.19]
	at org.apache.catalina.core.ApplicationFilterChain.doFilter(ApplicationFilterChain.java:149) ~[catalina.jar:10.1.19]
	at org.apache.catalina.core.StandardWrapperValve.invoke(StandardWrapperValve.java:167) ~[catalina.jar:10.1.19]
	at org.apache.catalina.core.StandardContextValve.invoke(StandardContextValve.java:90) ~[catalina.jar:10.1.19]
	at org.apache.catalina.authenticator.AuthenticatorBase.invoke(AuthenticatorBase.java:482) ~[catalina.jar:10.1.19]
	at org.apache.catalina.core.StandardHostValve.invoke(StandardHostValve.java:115) ~[catalina.jar:10.1.19]
	at org.apache.catalina.valves.ErrorReportValve.invoke(ErrorReportValve.java:93) ~[catalina.jar:10.1.19]
	at org.apache.catalina.valves.AbstractAccessLogValve.invoke(AbstractAccessLogValve.java:673) ~[catalina.jar:10.1.19]
	at org.apache.catalina.core.StandardEngineValve.invoke(StandardEngineValve.java:74) ~[catalina.jar:10.1.19]
	at org.apache.catalina.connector.CoyoteAdapter.service(CoyoteAdapter.java:344) ~[catalina.jar:10.1.19]
	at org.apache.coyote.http11.Http11Processor.service(Http11Processor.java:391) ~[tomcat-coyote.jar:10.1.19]
	at org.apache.coyote.AbstractProcessorLight.process(AbstractProcessorLight.java:63) ~[tomcat-coyote.jar:10.1.19]
	at org.apache.coyote.AbstractProtocol$ConnectionHandler.process(AbstractProtocol.java:896) ~[tomcat-coyote.jar:10.1.19]
	at org.apache.tomcat.util.net.Nio2Endpoint$SocketProcessor.doRun(Nio2Endpoint.java:1683) ~[tomcat-coyote.jar:10.1.19]
	at org.apache.tomcat.util.net.SocketProcessorBase.run(SocketProcessorBase.java:52) ~[tomcat-coyote.jar:10.1.19]
	at org.apache.tomcat.util.net.AbstractEndpoint.processSocket(AbstractEndpoint.java:1244) ~[tomcat-coyote.jar:10.1.19]
	at org.apache.tomcat.util.net.Nio2Endpoint$Nio2SocketWrapper$2.completed(Nio2Endpoint.java:632) ~[tomcat-coyote.jar:10.1.19]
	at org.apache.tomcat.util.net.Nio2Endpoint$Nio2SocketWrapper$2.completed(Nio2Endpoint.java:608) ~[tomcat-coyote.jar:10.1.19]
	at org.apache.tomcat.util.net.SecureNio2Channel$1.completed(SecureNio2Channel.java:1007) ~[tomcat-coyote.jar:10.1.19]
	at org.apache.tomcat.util.net.SecureNio2Channel$1.completed(SecureNio2Channel.java:935) ~[tomcat-coyote.jar:10.1.19]
	at java.base/sun.nio.ch.Invoker.invokeUnchecked(Invoker.java:129) ~[?:?]
	at java.base/sun.nio.ch.Invoker$2.run(Invoker.java:221) ~[?:?]
	at java.base/sun.nio.ch.AsynchronousChannelGroupImpl$1.run(AsynchronousChannelGroupImpl.java:113) ~[?:?]
	at org.apache.tomcat.util.threads.ThreadPoolExecutor.runWorker(ThreadPoolExecutor.java:1191) ~[tomcat-util.jar:10.1.19]
	at org.apache.tomcat.util.threads.ThreadPoolExecutor$Worker.run(ThreadPoolExecutor.java:659) ~[tomcat-util.jar:10.1.19]
	at org.apache.tomcat.util.threads.TaskThread$WrappingRunnable.run(TaskThread.java:63) ~[tomcat-util.jar:10.1.19]
	at java.base/java.lang.Thread.run(Thread.java:1583) [?:?]